<?xml version="1.0" encoding="UTF-8"?>
<!-- Generated by org.testng.reporters.JUnitReportReporter -->
<testsuite hostname="DESKTOP-MG56N09" failures="0" tests="1" name="testng_runner.CucumbrTestNG_Runner" time="68.248" errors="0" timestamp="2022-12-30T13:48:56 IST" skipped="0">
  <testcase classname="testng_runner.CucumbrTestNG_Runner" name="runScenario" time="68.248"/>
  <system-out/>
</testsuite> <!-- testng_runner.CucumbrTestNG_Runner -->
